#-----------------------------------------------------------
# Vivado v2020.2 (64-bit)
# SW Build 3064766 on Wed Nov 18 09:12:45 MST 2020
# IP Build 3064653 on Wed Nov 18 14:17:31 MST 2020
# Start of session at: Mon Jan 20 20:19:24 2025
# Process ID: 21816
# Current directory: D:/PrismGPU/PrismGPU/HardWare/Display
# Command line: vivado.exe -gui_launcher_event rodinguilauncherevent7436 D:\PrismGPU\PrismGPU\HardWare\Display\Display.xpr
# Log file: D:/PrismGPU/PrismGPU/HardWare/Display/vivado.log
# Journal file: D:/PrismGPU/PrismGPU/HardWare/Display\vivado.jou
#-----------------------------------------------------------
start_gui
open_project D:/PrismGPU/PrismGPU/HardWare/Display/Display.xpr
Scanning sources...
Finished scanning sources
INFO: [IP_Flow 19-234] Refreshing IP repositories
INFO: [IP_Flow 19-1700] Loaded user IP repository 'd:/vivado_lib/vivado-library/ip/rgb2vga_v1_0'.
INFO: [IP_Flow 19-1700] Loaded user IP repository 'd:/vivado_lib/vivado-library/ip/rgb2dvi'.
INFO: [IP_Flow 19-2313] Loaded Vivado IP repository 'F:/vivado2020/Vivado/2020.2/data/ip'.
open_project: Time (s): cpu = 00:00:20 ; elapsed = 00:00:11 . Memory (MB): peak = 1165.793 ; gain = 24.320
update_compile_order -fileset sources_1
open_bd_design {D:/PrismGPU/PrismGPU/HardWare/Display/Display.srcs/sources_1/bd/Prism/Prism.bd}
Reading block design file <D:/PrismGPU/PrismGPU/HardWare/Display/Display.srcs/sources_1/bd/Prism/Prism.bd>...
Adding component instance block -- xilinx.com:ip:xdma:4.1 - xdma_0
Adding component instance block -- xilinx.com:ip:axi_vdma:6.3 - axi_vdma_0
Adding component instance block -- xilinx.com:ip:axi_interconnect:2.1 - xdma_0_axi_periph
Adding component instance block -- xilinx.com:ip:axi_clock_converter:2.1 - auto_cc
Adding component instance block -- xilinx.com:ip:clk_wiz:6.0 - clk_wiz
Adding component instance block -- xilinx.com:ip:mig_7series:4.2 - mig_7series_0
Adding component instance block -- xilinx.com:ip:v_axi4s_vid_out:4.0 - v_axi4s_vid_out_0
Adding component instance block -- xilinx.com:ip:v_tc:6.2 - v_tc_0
Adding component instance block -- xilinx.com:ip:smartconnect:1.0 - axi_smc
Adding component instance block -- xilinx.com:ip:proc_sys_reset:5.0 - rst_mig_7series_0_100M
Adding component instance block -- digilentinc.com:ip:rgb2dvi:1.4 - rgb2dvi_0
CRITICAL WARNING: [BD 41-51] Could not find bus definition for the interface: TMDS 
CRITICAL WARNING: [BD 41-49] Could not find abstraction definition for the interface: TMDS 
CRITICAL WARNING: [BD 41-49] Could not find abstraction definition for the interface: TMDS 
Adding component instance block -- xilinx.com:ip:util_ds_buf:2.1 - util_ds_buf_0
Successfully read diagram <Prism> from block design file <D:/PrismGPU/PrismGPU/HardWare/Display/Display.srcs/sources_1/bd/Prism/Prism.bd>
reset_run impl_1
launch_runs impl_1 -jobs 8
[Mon Jan 20 20:20:19 2025] Launched impl_1...
Run output will be captured here: D:/PrismGPU/PrismGPU/HardWare/Display/Display.runs/impl_1/runme.log
reset_run synth_1
launch_runs impl_1 -jobs 8
[Mon Jan 20 20:23:54 2025] Launched synth_1...
Run output will be captured here: D:/PrismGPU/PrismGPU/HardWare/Display/Display.runs/synth_1/runme.log
[Mon Jan 20 20:23:54 2025] Launched impl_1...
Run output will be captured here: D:/PrismGPU/PrismGPU/HardWare/Display/Display.runs/impl_1/runme.log
launch_runs impl_1 -to_step write_bitstream -jobs 8
[Mon Jan 20 20:33:28 2025] Launched impl_1...
Run output will be captured here: D:/PrismGPU/PrismGPU/HardWare/Display/Display.runs/impl_1/runme.log
open_hw_manager
connect_hw_server -url localhost:3121 -allow_non_jtag
INFO: [Labtools 27-2285] Connecting to hw_server url TCP:localhost:3121
INFO: [Labtools 27-2222] Launching hw_server...
INFO: [Labtools 27-2221] Launch Output:

****** Xilinx hw_server v2020.2
  **** Build date : Nov 18 2020 at 10:01:48
    ** Copyright 1986-2020 Xilinx, Inc. All Rights Reserved.


INFO: [Labtools 27-3415] Connecting to cs_server url TCP:localhost:3042
INFO: [Labtools 27-3417] Launching cs_server...
INFO: [Labtools 27-2221] Launch Output:


******** Xilinx cs_server v2020.2
  ****** Build date   : Nov 04 2020-05:02:56
    **** Build number : 2020.2.1604437376
      ** Copyright 2017-2020 Xilinx, Inc. All Rights Reserved.



connect_hw_server: Time (s): cpu = 00:00:02 ; elapsed = 00:00:17 . Memory (MB): peak = 1720.684 ; gain = 0.000
current_hw_target [get_hw_targets */xilinx_tcf/Xilinx/1234-oj1A]
ERROR: [Labtoolstcl 44-199] No matching targets found on connected servers: localhost
Resolution: If needed connect the desired target to a server and use command refresh_hw_server. Then rerun the get_hw_targets command.
ERROR: [Common 17-39] 'get_hw_targets' failed due to earlier errors.
disconnect_hw_server localhost:3121
connect_hw_server -allow_non_jtag
INFO: [Labtools 27-2285] Connecting to hw_server url TCP:localhost:3121
INFO: [Labtools 27-3415] Connecting to cs_server url TCP:localhost:3042
INFO: [Labtools 27-3414] Connected to existing cs_server.
open_hw_target
INFO: [Labtoolstcl 44-466] Opening hw_target localhost:3121/xilinx_tcf/Digilent/210299079972
open_hw_target: Time (s): cpu = 00:00:08 ; elapsed = 00:00:08 . Memory (MB): peak = 3041.492 ; gain = 1320.809
set_property PROGRAM.FILE {D:\DriverTools\HVS_TAOBAO\3_ibert\project.bit} [get_hw_devices xc7k70t_0]
current_hw_device [get_hw_devices xc7k70t_0]
refresh_hw_device -update_hw_probes false [lindex [get_hw_devices xc7k70t_0] 0]
INFO: [Labtools 27-1434] Device xc7k70t (JTAG device index = 0) is programmed with a design that has no supported debug core(s) in it.
set_property PROBES.FILE {} [get_hw_devices xc7k70t_0]
set_property FULL_PROBES.FILE {} [get_hw_devices xc7k70t_0]
set_property PROGRAM.FILE {D:/PrismGPU/PrismGPU/HardWare/Display/Display.runs/impl_1/Prism_wrapper.bit} [get_hw_devices xc7k70t_0]
program_hw_devices [get_hw_devices xc7k70t_0]
INFO: [Labtools 27-3164] End of startup status: HIGH
refresh_hw_device [lindex [get_hw_devices xc7k70t_0] 0]
INFO: [Labtools 27-1434] Device xc7k70t (JTAG device index = 0) is programmed with a design that has no supported debug core(s) in it.
set_property PROBES.FILE {} [get_hw_devices xc7k70t_0]
set_property FULL_PROBES.FILE {} [get_hw_devices xc7k70t_0]
set_property PROGRAM.FILE {D:/PrismGPU/PrismGPU/HardWare/Display/Display.runs/impl_1/Prism_wrapper.bit} [get_hw_devices xc7k70t_0]
program_hw_devices [get_hw_devices xc7k70t_0]
INFO: [Labtools 27-3164] End of startup status: HIGH
refresh_hw_device [lindex [get_hw_devices xc7k70t_0] 0]
INFO: [Labtools 27-1434] Device xc7k70t (JTAG device index = 0) is programmed with a design that has no supported debug core(s) in it.
set_property PROBES.FILE {} [get_hw_devices xc7k70t_0]
set_property FULL_PROBES.FILE {} [get_hw_devices xc7k70t_0]
set_property PROGRAM.FILE {D:/PrismGPU/PrismGPU/HardWare/Display/Display.runs/impl_1/Prism_wrapper.bit} [get_hw_devices xc7k70t_0]
program_hw_devices [get_hw_devices xc7k70t_0]
INFO: [Labtools 27-3164] End of startup status: HIGH
refresh_hw_device [lindex [get_hw_devices xc7k70t_0] 0]
INFO: [Labtools 27-1434] Device xc7k70t (JTAG device index = 0) is programmed with a design that has no supported debug core(s) in it.
close_hw_manager
open_bd_design {D:/PrismGPU/PrismGPU/HardWare/Display/Display.srcs/sources_1/bd/Prism/Prism.bd}
not writing pins
exit
INFO: [Common 17-206] Exiting Vivado at Mon Jan 20 22:50:17 2025...
