
*** Running vivado
    with args -log Prism_auto_cc_0.vds -m64 -product Vivado -mode batch -messageDb vivado.pb -notrace -source Prism_auto_cc_0.tcl



****** Vivado v2020.2 (64-bit)
  **** SW Build 3064766 on Wed Nov 18 09:12:45 MST 2020
  **** IP Build 3064653 on Wed Nov 18 14:17:31 MST 2020
    ** Copyright 1986-2020 Xilinx, Inc. All Rights Reserved.

source Prism_auto_cc_0.tcl -notrace
INFO: [IP_Flow 19-234] Refreshing IP repositories
INFO: [IP_Flow 19-1700] Loaded user IP repository 'd:/vivado_lib/vivado-library/ip/rgb2vga_v1_0'.
INFO: [IP_Flow 19-1700] Loaded user IP repository 'd:/vivado_lib/vivado-library/ip/rgb2dvi'.
INFO: [IP_Flow 19-2313] Loaded Vivado IP repository 'F:/vivado2020/Vivado/2020.2/data/ip'.
Command: synth_design -top Prism_auto_cc_0 -part xc7k70tfbg676-2 -mode out_of_context
Starting synth_design
Attempting to get a license for feature 'Synthesis' and/or device 'xc7k70t'
INFO: [Common 17-349] Got license for feature 'Synthesis' and/or device 'xc7k70t'
INFO: [Device 21-403] Loading part xc7k70tfbg676-2
INFO: [Synth 8-7079] Multithreading enabled for synth_design using a maximum of 2 processes.
INFO: [Synth 8-7078] Launching helper process for spawning children vivado processes
INFO: [Synth 8-7075] Helper process launched with PID 14712
---------------------------------------------------------------------------------
Starting RTL Elaboration : Time (s): cpu = 00:00:09 ; elapsed = 00:00:10 . Memory (MB): peak = 1138.324 ; gain = 0.000
---------------------------------------------------------------------------------
INFO: [Synth 8-6157] synthesizing module 'Prism_auto_cc_0' [d:/PrismGPU/PrismGPU/HardWare/Display/Display.gen/sources_1/bd/Prism/ip/Prism_auto_cc_0/synth/Prism_auto_cc_0.v:58]
INFO: [Synth 8-6157] synthesizing module 'axi_clock_converter_v2_1_21_axi_clock_converter' [d:/PrismGPU/PrismGPU/HardWare/Display/Display.gen/sources_1/bd/Prism/ipshared/1304/hdl/axi_clock_converter_v2_1_vl_rfs.v:654]
	Parameter C_FAMILY bound to: kintex7 - type: string 
	Parameter C_AXI_ID_WIDTH bound to: 1 - type: integer 
	Parameter C_AXI_ADDR_WIDTH bound to: 32 - type: integer 
	Parameter C_AXI_DATA_WIDTH bound to: 32 - type: integer 
	Parameter C_S_AXI_ACLK_RATIO bound to: 1 - type: integer 
	Parameter C_M_AXI_ACLK_RATIO bound to: 2 - type: integer 
	Parameter C_AXI_IS_ACLK_ASYNC bound to: 1 - type: integer 
	Parameter C_AXI_PROTOCOL bound to: 2 - type: integer 
	Parameter C_AXI_SUPPORTS_USER_SIGNALS bound to: 0 - type: integer 
	Parameter C_AXI_AWUSER_WIDTH bound to: 1 - type: integer 
	Parameter C_AXI_ARUSER_WIDTH bound to: 1 - type: integer 
	Parameter C_AXI_WUSER_WIDTH bound to: 1 - type: integer 
	Parameter C_AXI_RUSER_WIDTH bound to: 1 - type: integer 
	Parameter C_AXI_BUSER_WIDTH bound to: 1 - type: integer 
	Parameter C_AXI_SUPPORTS_WRITE bound to: 1 - type: integer 
	Parameter C_AXI_SUPPORTS_READ bound to: 1 - type: integer 
	Parameter C_SYNCHRONIZER_STAGE bound to: 3 - type: integer 
	Parameter P_AXI4 bound to: 0 - type: integer 
	Parameter P_AXI3 bound to: 1 - type: integer 
	Parameter P_AXILITE bound to: 2 - type: integer 
	Parameter P_LIGHT_WT bound to: 0 - type: integer 
	Parameter P_FULLY_REG bound to: 1 - type: integer 
	Parameter P_LUTRAM_ASYNC bound to: 12 - type: integer 
	Parameter P_SI_LT_MI bound to: 1'b1 
	Parameter P_ROUNDING_OFFSET bound to: 0 - type: integer 
	Parameter P_ACLK_RATIO bound to: 2 - type: integer 
	Parameter C_AWUSER_RIGHT bound to: 0 - type: integer 
	Parameter C_AWUSER_WIDTH bound to: 0 - type: integer 
	Parameter C_AWQOS_RIGHT bound to: 0 - type: integer 
	Parameter C_AWQOS_WIDTH bound to: 0 - type: integer 
	Parameter C_AWREGION_RIGHT bound to: 0 - type: integer 
	Parameter C_AWREGION_WIDTH bound to: 0 - type: integer 
	Parameter C_AWPROT_RIGHT bound to: 0 - type: integer 
	Parameter C_AWPROT_WIDTH bound to: 3 - type: integer 
	Parameter C_AWCACHE_RIGHT bound to: 3 - type: integer 
	Parameter C_AWCACHE_WIDTH bound to: 0 - type: integer 
	Parameter C_AWLOCK_RIGHT bound to: 3 - type: integer 
	Parameter C_AWLOCK_WIDTH bound to: 0 - type: integer 
	Parameter C_AWBURST_RIGHT bound to: 3 - type: integer 
	Parameter C_AWBURST_WIDTH bound to: 0 - type: integer 
	Parameter C_AWSIZE_RIGHT bound to: 3 - type: integer 
	Parameter C_AWSIZE_WIDTH bound to: 0 - type: integer 
	Parameter C_AWLEN_RIGHT bound to: 3 - type: integer 
	Parameter C_AWLEN_WIDTH bound to: 0 - type: integer 
	Parameter C_AWADDR_RIGHT bound to: 3 - type: integer 
	Parameter C_AWADDR_WIDTH bound to: 32 - type: integer 
	Parameter C_AWID_RIGHT bound to: 35 - type: integer 
	Parameter C_AWID_WIDTH bound to: 0 - type: integer 
	Parameter C_AW_WIDTH bound to: 35 - type: integer 
	Parameter C_FIFO_AW_WIDTH bound to: 35 - type: integer 
	Parameter C_WUSER_RIGHT bound to: 0 - type: integer 
	Parameter C_WUSER_WIDTH bound to: 0 - type: integer 
	Parameter C_WLAST_RIGHT bound to: 0 - type: integer 
	Parameter C_WLAST_WIDTH bound to: 0 - type: integer 
	Parameter C_WSTRB_RIGHT bound to: 0 - type: integer 
	Parameter C_WSTRB_WIDTH bound to: 4 - type: integer 
	Parameter C_WDATA_RIGHT bound to: 4 - type: integer 
	Parameter C_WDATA_WIDTH bound to: 32 - type: integer 
	Parameter C_WID_RIGHT bound to: 36 - type: integer 
	Parameter C_WID_WIDTH bound to: 0 - type: integer 
	Parameter C_W_WIDTH bound to: 36 - type: integer 
	Parameter C_FIFO_W_WIDTH bound to: 36 - type: integer 
	Parameter C_BUSER_RIGHT bound to: 0 - type: integer 
	Parameter C_BUSER_WIDTH bound to: 0 - type: integer 
	Parameter C_BRESP_RIGHT bound to: 0 - type: integer 
	Parameter C_BRESP_WIDTH bound to: 2 - type: integer 
	Parameter C_BID_RIGHT bound to: 2 - type: integer 
	Parameter C_BID_WIDTH bound to: 0 - type: integer 
	Parameter C_B_WIDTH bound to: 2 - type: integer 
	Parameter C_FIFO_B_WIDTH bound to: 2 - type: integer 
	Parameter C_ARUSER_RIGHT bound to: 0 - type: integer 
	Parameter C_ARUSER_WIDTH bound to: 0 - type: integer 
	Parameter C_ARQOS_RIGHT bound to: 0 - type: integer 
	Parameter C_ARQOS_WIDTH bound to: 0 - type: integer 
	Parameter C_ARREGION_RIGHT bound to: 0 - type: integer 
	Parameter C_ARREGION_WIDTH bound to: 0 - type: integer 
	Parameter C_ARPROT_RIGHT bound to: 0 - type: integer 
	Parameter C_ARPROT_WIDTH bound to: 3 - type: integer 
	Parameter C_ARCACHE_RIGHT bound to: 3 - type: integer 
	Parameter C_ARCACHE_WIDTH bound to: 0 - type: integer 
	Parameter C_ARLOCK_RIGHT bound to: 3 - type: integer 
	Parameter C_ARLOCK_WIDTH bound to: 0 - type: integer 
	Parameter C_ARBURST_RIGHT bound to: 3 - type: integer 
	Parameter C_ARBURST_WIDTH bound to: 0 - type: integer 
	Parameter C_ARSIZE_RIGHT bound to: 3 - type: integer 
	Parameter C_ARSIZE_WIDTH bound to: 0 - type: integer 
	Parameter C_ARLEN_RIGHT bound to: 3 - type: integer 
	Parameter C_ARLEN_WIDTH bound to: 0 - type: integer 
	Parameter C_ARADDR_RIGHT bound to: 3 - type: integer 
	Parameter C_ARADDR_WIDTH bound to: 32 - type: integer 
	Parameter C_ARID_RIGHT bound to: 35 - type: integer 
	Parameter C_ARID_WIDTH bound to: 0 - type: integer 
	Parameter C_AR_WIDTH bound to: 35 - type: integer 
	Parameter C_FIFO_AR_WIDTH bound to: 35 - type: integer 
	Parameter C_RUSER_RIGHT bound to: 0 - type: integer 
	Parameter C_RUSER_WIDTH bound to: 0 - type: integer 
	Parameter C_RLAST_RIGHT bound to: 0 - type: integer 
	Parameter C_RLAST_WIDTH bound to: 0 - type: integer 
	Parameter C_RRESP_RIGHT bound to: 0 - type: integer 
	Parameter C_RRESP_WIDTH bound to: 2 - type: integer 
	Parameter C_RDATA_RIGHT bound to: 2 - type: integer 
	Parameter C_RDATA_WIDTH bound to: 32 - type: integer 
	Parameter C_RID_RIGHT bound to: 34 - type: integer 
	Parameter C_RID_WIDTH bound to: 0 - type: integer 
	Parameter C_R_WIDTH bound to: 34 - type: integer 
	Parameter C_FIFO_R_WIDTH bound to: 34 - type: integer 
INFO: [Synth 8-6157] synthesizing module 'axi_infrastructure_v1_1_0_axi2vector' [d:/PrismGPU/PrismGPU/HardWare/Display/Display.gen/sources_1/bd/Prism/ipshared/ec67/hdl/axi_infrastructure_v1_1_vl_rfs.v:60]
	Parameter C_AXI_PROTOCOL bound to: 2 - type: integer 
	Parameter C_AXI_ID_WIDTH bound to: 1 - type: integer 
	Parameter C_AXI_ADDR_WIDTH bound to: 32 - type: integer 
	Parameter C_AXI_DATA_WIDTH bound to: 32 - type: integer 
	Parameter C_AXI_SUPPORTS_USER_SIGNALS bound to: 0 - type: integer 
	Parameter C_AXI_SUPPORTS_REGION_SIGNALS bound to: 0 - type: integer 
	Parameter C_AXI_AWUSER_WIDTH bound to: 1 - type: integer 
	Parameter C_AXI_WUSER_WIDTH bound to: 1 - type: integer 
	Parameter C_AXI_BUSER_WIDTH bound to: 1 - type: integer 
	Parameter C_AXI_ARUSER_WIDTH bound to: 1 - type: integer 
	Parameter C_AXI_RUSER_WIDTH bound to: 1 - type: integer 
	Parameter C_AWPAYLOAD_WIDTH bound to: 35 - type: integer 
	Parameter C_WPAYLOAD_WIDTH bound to: 36 - type: integer 
	Parameter C_BPAYLOAD_WIDTH bound to: 2 - type: integer 
	Parameter C_ARPAYLOAD_WIDTH bound to: 35 - type: integer 
	Parameter C_RPAYLOAD_WIDTH bound to: 34 - type: integer 
	Parameter G_AXI_AWADDR_INDEX bound to: 0 - type: integer 
	Parameter G_AXI_AWADDR_WIDTH bound to: 32 - type: integer 
	Parameter G_AXI_AWPROT_INDEX bound to: 32 - type: integer 
	Parameter G_AXI_AWPROT_WIDTH bound to: 3 - type: integer 
	Parameter G_AXI_AWSIZE_INDEX bound to: 35 - type: integer 
	Parameter G_AXI_AWSIZE_WIDTH bound to: 0 - type: integer 
	Parameter G_AXI_AWBURST_INDEX bound to: 35 - type: integer 
	Parameter G_AXI_AWBURST_WIDTH bound to: 0 - type: integer 
	Parameter G_AXI_AWCACHE_INDEX bound to: 35 - type: integer 
	Parameter G_AXI_AWCACHE_WIDTH bound to: 0 - type: integer 
	Parameter G_AXI_AWLEN_INDEX bound to: 35 - type: integer 
	Parameter G_AXI_AWLEN_WIDTH bound to: 0 - type: integer 
	Parameter G_AXI_AWLOCK_INDEX bound to: 35 - type: integer 
	Parameter G_AXI_AWLOCK_WIDTH bound to: 0 - type: integer 
	Parameter G_AXI_AWID_INDEX bound to: 35 - type: integer 
	Parameter G_AXI_AWID_WIDTH bound to: 0 - type: integer 
	Parameter G_AXI_AWQOS_INDEX bound to: 35 - type: integer 
	Parameter G_AXI_AWQOS_WIDTH bound to: 0 - type: integer 
	Parameter G_AXI_AWREGION_INDEX bound to: 35 - type: integer 
	Parameter G_AXI_AWREGION_WIDTH bound to: 0 - type: integer 
	Parameter G_AXI_AWUSER_INDEX bound to: 35 - type: integer 
	Parameter G_AXI_AWUSER_WIDTH bound to: 0 - type: integer 
	Parameter G_AXI_AWPAYLOAD_WIDTH bound to: 35 - type: integer 
	Parameter G_AXI_ARADDR_INDEX bound to: 0 - type: integer 
	Parameter G_AXI_ARADDR_WIDTH bound to: 32 - type: integer 
	Parameter G_AXI_ARPROT_INDEX bound to: 32 - type: integer 
	Parameter G_AXI_ARPROT_WIDTH bound to: 3 - type: integer 
	Parameter G_AXI_ARSIZE_INDEX bound to: 35 - type: integer 
	Parameter G_AXI_ARSIZE_WIDTH bound to: 0 - type: integer 
	Parameter G_AXI_ARBURST_INDEX bound to: 35 - type: integer 
	Parameter G_AXI_ARBURST_WIDTH bound to: 0 - type: integer 
	Parameter G_AXI_ARCACHE_INDEX bound to: 35 - type: integer 
	Parameter G_AXI_ARCACHE_WIDTH bound to: 0 - type: integer 
	Parameter G_AXI_ARLEN_INDEX bound to: 35 - type: integer 
	Parameter G_AXI_ARLEN_WIDTH bound to: 0 - type: integer 
	Parameter G_AXI_ARLOCK_INDEX bound to: 35 - type: integer 
	Parameter G_AXI_ARLOCK_WIDTH bound to: 0 - type: integer 
	Parameter G_AXI_ARID_INDEX bound to: 35 - type: integer 
	Parameter G_AXI_ARID_WIDTH bound to: 0 - type: integer 
	Parameter G_AXI_ARQOS_INDEX bound to: 35 - type: integer 
	Parameter G_AXI_ARQOS_WIDTH bound to: 0 - type: integer 
	Parameter G_AXI_ARREGION_INDEX bound to: 35 - type: integer 
	Parameter G_AXI_ARREGION_WIDTH bound to: 0 - type: integer 
	Parameter G_AXI_ARUSER_INDEX bound to: 35 - type: integer 
	Parameter G_AXI_ARUSER_WIDTH bound to: 0 - type: integer 
	Parameter G_AXI_ARPAYLOAD_WIDTH bound to: 35 - type: integer 
	Parameter G_AXI_WDATA_INDEX bound to: 0 - type: integer 
	Parameter G_AXI_WDATA_WIDTH bound to: 32 - type: integer 
	Parameter G_AXI_WSTRB_INDEX bound to: 32 - type: integer 
	Parameter G_AXI_WSTRB_WIDTH bound to: 4 - type: integer 
	Parameter G_AXI_WLAST_INDEX bound to: 36 - type: integer 
	Parameter G_AXI_WLAST_WIDTH bound to: 0 - type: integer 
	Parameter G_AXI_WID_INDEX bound to: 36 - type: integer 
	Parameter G_AXI_WID_WIDTH bound to: 0 - type: integer 
	Parameter G_AXI_WUSER_INDEX bound to: 36 - type: integer 
	Parameter G_AXI_WUSER_WIDTH bound to: 0 - type: integer 
	Parameter G_AXI_WPAYLOAD_WIDTH bound to: 36 - type: integer 
	Parameter G_AXI_BRESP_INDEX bound to: 0 - type: integer 
	Parameter G_AXI_BRESP_WIDTH bound to: 2 - type: integer 
	Parameter G_AXI_BID_INDEX bound to: 2 - type: integer 
	Parameter G_AXI_BID_WIDTH bound to: 0 - type: integer 
	Parameter G_AXI_BUSER_INDEX bound to: 2 - type: integer 
	Parameter G_AXI_BUSER_WIDTH bound to: 0 - type: integer 
	Parameter G_AXI_BPAYLOAD_WIDTH bound to: 2 - type: integer 
	Parameter G_AXI_RDATA_INDEX bound to: 0 - type: integer 
	Parameter G_AXI_RDATA_WIDTH bound to: 32 - type: integer 
	Parameter G_AXI_RRESP_INDEX bound to: 32 - type: integer 
	Parameter G_AXI_RRESP_WIDTH bound to: 2 - type: integer 
	Parameter G_AXI_RLAST_INDEX bound to: 34 - type: integer 
	Parameter G_AXI_RLAST_WIDTH bound to: 0 - type: integer 
	Parameter G_AXI_RID_INDEX bound to: 34 - type: integer 
	Parameter G_AXI_RID_WIDTH bound to: 0 - type: integer 
	Parameter G_AXI_RUSER_INDEX bound to: 34 - type: integer 
	Parameter G_AXI_RUSER_WIDTH bound to: 0 - type: integer 
	Parameter G_AXI_RPAYLOAD_WIDTH bound to: 34 - type: integer 
INFO: [Synth 8-6155] done synthesizing module 'axi_infrastructure_v1_1_0_axi2vector' (1#1) [d:/PrismGPU/PrismGPU/HardWare/Display/Display.gen/sources_1/bd/Prism/ipshared/ec67/hdl/axi_infrastructure_v1_1_vl_rfs.v:60]
INFO: [Synth 8-6157] synthesizing module 'axi_clock_converter_v2_1_21_lite_async' [d:/PrismGPU/PrismGPU/HardWare/Display/Display.gen/sources_1/bd/Prism/ipshared/1304/hdl/axi_clock_converter_v2_1_vl_rfs.v:517]
	Parameter C_DEST_SYNC_FF bound to: 3 - type: integer 
	Parameter C_SRC_SYNC_FF bound to: 3 - type: integer 
	Parameter C_WIDTH bound to: 35 - type: integer 
	Parameter SRC_IDLE bound to: 2'b00 
	Parameter SRC_DRV_SEND bound to: 2'b01 
	Parameter SRC_WAIT_RCV_DONE bound to: 2'b10 
	Parameter DEST_IDLE bound to: 2'b00 
	Parameter DEST_DRV_VALID bound to: 2'b01 
	Parameter DEST_DRV_ACK bound to: 2'b10 
INFO: [Synth 8-6157] synthesizing module 'xpm_cdc_handshake' [F:/vivado2020/Vivado/2020.2/data/ip/xpm/xpm_cdc/hdl/xpm_cdc.sv:469]
	Parameter DEST_EXT_HSK bound to: 1 - type: integer 
	Parameter DEST_SYNC_FF bound to: 3 - type: integer 
	Parameter INIT_SYNC_FF bound to: 0 - type: integer 
	Parameter SIM_ASSERT_CHK bound to: 0 - type: integer 
	Parameter SRC_SYNC_FF bound to: 3 - type: integer 
	Parameter VERSION bound to: 0 - type: integer 
	Parameter WIDTH bound to: 35 - type: integer 
INFO: [Synth 8-6157] synthesizing module 'xpm_cdc_single' [F:/vivado2020/Vivado/2020.2/data/ip/xpm/xpm_cdc/hdl/xpm_cdc.sv:153]
	Parameter DEST_SYNC_FF bound to: 3 - type: integer 
	Parameter INIT_SYNC_FF bound to: 0 - type: integer 
	Parameter SIM_ASSERT_CHK bound to: 0 - type: integer 
	Parameter SRC_INPUT_REG bound to: 0 - type: integer 
	Parameter VERSION bound to: 0 - type: integer 
INFO: [Synth 8-6155] done synthesizing module 'xpm_cdc_single' (2#1) [F:/vivado2020/Vivado/2020.2/data/ip/xpm/xpm_cdc/hdl/xpm_cdc.sv:153]
INFO: [Synth 8-6155] done synthesizing module 'xpm_cdc_handshake' (3#1) [F:/vivado2020/Vivado/2020.2/data/ip/xpm/xpm_cdc/hdl/xpm_cdc.sv:469]
INFO: [Synth 8-6155] done synthesizing module 'axi_clock_converter_v2_1_21_lite_async' (4#1) [d:/PrismGPU/PrismGPU/HardWare/Display/Display.gen/sources_1/bd/Prism/ipshared/1304/hdl/axi_clock_converter_v2_1_vl_rfs.v:517]
INFO: [Synth 8-6157] synthesizing module 'axi_clock_converter_v2_1_21_lite_async__parameterized0' [d:/PrismGPU/PrismGPU/HardWare/Display/Display.gen/sources_1/bd/Prism/ipshared/1304/hdl/axi_clock_converter_v2_1_vl_rfs.v:517]
	Parameter C_DEST_SYNC_FF bound to: 3 - type: integer 
	Parameter C_SRC_SYNC_FF bound to: 3 - type: integer 
	Parameter C_WIDTH bound to: 36 - type: integer 
	Parameter SRC_IDLE bound to: 2'b00 
	Parameter SRC_DRV_SEND bound to: 2'b01 
	Parameter SRC_WAIT_RCV_DONE bound to: 2'b10 
	Parameter DEST_IDLE bound to: 2'b00 
	Parameter DEST_DRV_VALID bound to: 2'b01 
	Parameter DEST_DRV_ACK bound to: 2'b10 
INFO: [Synth 8-6157] synthesizing module 'xpm_cdc_handshake__parameterized0' [F:/vivado2020/Vivado/2020.2/data/ip/xpm/xpm_cdc/hdl/xpm_cdc.sv:469]
	Parameter DEST_EXT_HSK bound to: 1 - type: integer 
	Parameter DEST_SYNC_FF bound to: 3 - type: integer 
	Parameter INIT_SYNC_FF bound to: 0 - type: integer 
	Parameter SIM_ASSERT_CHK bound to: 0 - type: integer 
	Parameter SRC_SYNC_FF bound to: 3 - type: integer 
	Parameter VERSION bound to: 0 - type: integer 
	Parameter WIDTH bound to: 36 - type: integer 
INFO: [Synth 8-6155] done synthesizing module 'xpm_cdc_handshake__parameterized0' (4#1) [F:/vivado2020/Vivado/2020.2/data/ip/xpm/xpm_cdc/hdl/xpm_cdc.sv:469]
INFO: [Synth 8-6155] done synthesizing module 'axi_clock_converter_v2_1_21_lite_async__parameterized0' (4#1) [d:/PrismGPU/PrismGPU/HardWare/Display/Display.gen/sources_1/bd/Prism/ipshared/1304/hdl/axi_clock_converter_v2_1_vl_rfs.v:517]
INFO: [Synth 8-6157] synthesizing module 'axi_clock_converter_v2_1_21_lite_async__parameterized1' [d:/PrismGPU/PrismGPU/HardWare/Display/Display.gen/sources_1/bd/Prism/ipshared/1304/hdl/axi_clock_converter_v2_1_vl_rfs.v:517]
	Parameter C_DEST_SYNC_FF bound to: 3 - type: integer 
	Parameter C_SRC_SYNC_FF bound to: 3 - type: integer 
	Parameter C_WIDTH bound to: 2 - type: integer 
	Parameter SRC_IDLE bound to: 2'b00 
	Parameter SRC_DRV_SEND bound to: 2'b01 
	Parameter SRC_WAIT_RCV_DONE bound to: 2'b10 
	Parameter DEST_IDLE bound to: 2'b00 
	Parameter DEST_DRV_VALID bound to: 2'b01 
	Parameter DEST_DRV_ACK bound to: 2'b10 
INFO: [Synth 8-6157] synthesizing module 'xpm_cdc_handshake__parameterized1' [F:/vivado2020/Vivado/2020.2/data/ip/xpm/xpm_cdc/hdl/xpm_cdc.sv:469]
	Parameter DEST_EXT_HSK bound to: 1 - type: integer 
	Parameter DEST_SYNC_FF bound to: 3 - type: integer 
	Parameter INIT_SYNC_FF bound to: 0 - type: integer 
	Parameter SIM_ASSERT_CHK bound to: 0 - type: integer 
	Parameter SRC_SYNC_FF bound to: 3 - type: integer 
	Parameter VERSION bound to: 0 - type: integer 
	Parameter WIDTH bound to: 2 - type: integer 
INFO: [Synth 8-6155] done synthesizing module 'xpm_cdc_handshake__parameterized1' (4#1) [F:/vivado2020/Vivado/2020.2/data/ip/xpm/xpm_cdc/hdl/xpm_cdc.sv:469]
INFO: [Synth 8-6155] done synthesizing module 'axi_clock_converter_v2_1_21_lite_async__parameterized1' (4#1) [d:/PrismGPU/PrismGPU/HardWare/Display/Display.gen/sources_1/bd/Prism/ipshared/1304/hdl/axi_clock_converter_v2_1_vl_rfs.v:517]
INFO: [Synth 8-6157] synthesizing module 'axi_clock_converter_v2_1_21_lite_async__parameterized2' [d:/PrismGPU/PrismGPU/HardWare/Display/Display.gen/sources_1/bd/Prism/ipshared/1304/hdl/axi_clock_converter_v2_1_vl_rfs.v:517]
	Parameter C_DEST_SYNC_FF bound to: 3 - type: integer 
	Parameter C_SRC_SYNC_FF bound to: 3 - type: integer 
	Parameter C_WIDTH bound to: 34 - type: integer 
	Parameter SRC_IDLE bound to: 2'b00 
	Parameter SRC_DRV_SEND bound to: 2'b01 
	Parameter SRC_WAIT_RCV_DONE bound to: 2'b10 
	Parameter DEST_IDLE bound to: 2'b00 
	Parameter DEST_DRV_VALID bound to: 2'b01 
	Parameter DEST_DRV_ACK bound to: 2'b10 
INFO: [Synth 8-6157] synthesizing module 'xpm_cdc_handshake__parameterized2' [F:/vivado2020/Vivado/2020.2/data/ip/xpm/xpm_cdc/hdl/xpm_cdc.sv:469]
	Parameter DEST_EXT_HSK bound to: 1 - type: integer 
	Parameter DEST_SYNC_FF bound to: 3 - type: integer 
	Parameter INIT_SYNC_FF bound to: 0 - type: integer 
	Parameter SIM_ASSERT_CHK bound to: 0 - type: integer 
	Parameter SRC_SYNC_FF bound to: 3 - type: integer 
	Parameter VERSION bound to: 0 - type: integer 
	Parameter WIDTH bound to: 34 - type: integer 
INFO: [Synth 8-6155] done synthesizing module 'xpm_cdc_handshake__parameterized2' (4#1) [F:/vivado2020/Vivado/2020.2/data/ip/xpm/xpm_cdc/hdl/xpm_cdc.sv:469]
INFO: [Synth 8-6155] done synthesizing module 'axi_clock_converter_v2_1_21_lite_async__parameterized2' (4#1) [d:/PrismGPU/PrismGPU/HardWare/Display/Display.gen/sources_1/bd/Prism/ipshared/1304/hdl/axi_clock_converter_v2_1_vl_rfs.v:517]
INFO: [Synth 8-6157] synthesizing module 'axi_infrastructure_v1_1_0_vector2axi' [d:/PrismGPU/PrismGPU/HardWare/Display/Display.gen/sources_1/bd/Prism/ipshared/ec67/hdl/axi_infrastructure_v1_1_vl_rfs.v:474]
	Parameter C_AXI_PROTOCOL bound to: 2 - type: integer 
	Parameter C_AXI_ID_WIDTH bound to: 1 - type: integer 
	Parameter C_AXI_ADDR_WIDTH bound to: 32 - type: integer 
	Parameter C_AXI_DATA_WIDTH bound to: 32 - type: integer 
	Parameter C_AXI_SUPPORTS_USER_SIGNALS bound to: 0 - type: integer 
	Parameter C_AXI_SUPPORTS_REGION_SIGNALS bound to: 0 - type: integer 
	Parameter C_AXI_AWUSER_WIDTH bound to: 1 - type: integer 
	Parameter C_AXI_WUSER_WIDTH bound to: 1 - type: integer 
	Parameter C_AXI_BUSER_WIDTH bound to: 1 - type: integer 
	Parameter C_AXI_ARUSER_WIDTH bound to: 1 - type: integer 
	Parameter C_AXI_RUSER_WIDTH bound to: 1 - type: integer 
	Parameter C_AWPAYLOAD_WIDTH bound to: 35 - type: integer 
	Parameter C_WPAYLOAD_WIDTH bound to: 36 - type: integer 
	Parameter C_BPAYLOAD_WIDTH bound to: 2 - type: integer 
	Parameter C_ARPAYLOAD_WIDTH bound to: 35 - type: integer 
	Parameter C_RPAYLOAD_WIDTH bound to: 34 - type: integer 
	Parameter G_AXI_AWADDR_INDEX bound to: 0 - type: integer 
	Parameter G_AXI_AWADDR_WIDTH bound to: 32 - type: integer 
	Parameter G_AXI_AWPROT_INDEX bound to: 32 - type: integer 
	Parameter G_AXI_AWPROT_WIDTH bound to: 3 - type: integer 
	Parameter G_AXI_AWSIZE_INDEX bound to: 35 - type: integer 
	Parameter G_AXI_AWSIZE_WIDTH bound to: 0 - type: integer 
	Parameter G_AXI_AWBURST_INDEX bound to: 35 - type: integer 
	Parameter G_AXI_AWBURST_WIDTH bound to: 0 - type: integer 
	Parameter G_AXI_AWCACHE_INDEX bound to: 35 - type: integer 
	Parameter G_AXI_AWCACHE_WIDTH bound to: 0 - type: integer 
	Parameter G_AXI_AWLEN_INDEX bound to: 35 - type: integer 
	Parameter G_AXI_AWLEN_WIDTH bound to: 0 - type: integer 
	Parameter G_AXI_AWLOCK_INDEX bound to: 35 - type: integer 
	Parameter G_AXI_AWLOCK_WIDTH bound to: 0 - type: integer 
	Parameter G_AXI_AWID_INDEX bound to: 35 - type: integer 
	Parameter G_AXI_AWID_WIDTH bound to: 0 - type: integer 
	Parameter G_AXI_AWQOS_INDEX bound to: 35 - type: integer 
	Parameter G_AXI_AWQOS_WIDTH bound to: 0 - type: integer 
	Parameter G_AXI_AWREGION_INDEX bound to: 35 - type: integer 
	Parameter G_AXI_AWREGION_WIDTH bound to: 0 - type: integer 
	Parameter G_AXI_AWUSER_INDEX bound to: 35 - type: integer 
	Parameter G_AXI_AWUSER_WIDTH bound to: 0 - type: integer 
	Parameter G_AXI_AWPAYLOAD_WIDTH bound to: 35 - type: integer 
	Parameter G_AXI_ARADDR_INDEX bound to: 0 - type: integer 
	Parameter G_AXI_ARADDR_WIDTH bound to: 32 - type: integer 
	Parameter G_AXI_ARPROT_INDEX bound to: 32 - type: integer 
	Parameter G_AXI_ARPROT_WIDTH bound to: 3 - type: integer 
	Parameter G_AXI_ARSIZE_INDEX bound to: 35 - type: integer 
	Parameter G_AXI_ARSIZE_WIDTH bound to: 0 - type: integer 
	Parameter G_AXI_ARBURST_INDEX bound to: 35 - type: integer 
	Parameter G_AXI_ARBURST_WIDTH bound to: 0 - type: integer 
	Parameter G_AXI_ARCACHE_INDEX bound to: 35 - type: integer 
	Parameter G_AXI_ARCACHE_WIDTH bound to: 0 - type: integer 
	Parameter G_AXI_ARLEN_INDEX bound to: 35 - type: integer 
	Parameter G_AXI_ARLEN_WIDTH bound to: 0 - type: integer 
	Parameter G_AXI_ARLOCK_INDEX bound to: 35 - type: integer 
	Parameter G_AXI_ARLOCK_WIDTH bound to: 0 - type: integer 
	Parameter G_AXI_ARID_INDEX bound to: 35 - type: integer 
	Parameter G_AXI_ARID_WIDTH bound to: 0 - type: integer 
	Parameter G_AXI_ARQOS_INDEX bound to: 35 - type: integer 
	Parameter G_AXI_ARQOS_WIDTH bound to: 0 - type: integer 
	Parameter G_AXI_ARREGION_INDEX bound to: 35 - type: integer 
	Parameter G_AXI_ARREGION_WIDTH bound to: 0 - type: integer 
	Parameter G_AXI_ARUSER_INDEX bound to: 35 - type: integer 
	Parameter G_AXI_ARUSER_WIDTH bound to: 0 - type: integer 
	Parameter G_AXI_ARPAYLOAD_WIDTH bound to: 35 - type: integer 
	Parameter G_AXI_WDATA_INDEX bound to: 0 - type: integer 
	Parameter G_AXI_WDATA_WIDTH bound to: 32 - type: integer 
	Parameter G_AXI_WSTRB_INDEX bound to: 32 - type: integer 
	Parameter G_AXI_WSTRB_WIDTH bound to: 4 - type: integer 
	Parameter G_AXI_WLAST_INDEX bound to: 36 - type: integer 
	Parameter G_AXI_WLAST_WIDTH bound to: 0 - type: integer 
	Parameter G_AXI_WID_INDEX bound to: 36 - type: integer 
	Parameter G_AXI_WID_WIDTH bound to: 0 - type: integer 
	Parameter G_AXI_WUSER_INDEX bound to: 36 - type: integer 
	Parameter G_AXI_WUSER_WIDTH bound to: 0 - type: integer 
	Parameter G_AXI_WPAYLOAD_WIDTH bound to: 36 - type: integer 
	Parameter G_AXI_BRESP_INDEX bound to: 0 - type: integer 
	Parameter G_AXI_BRESP_WIDTH bound to: 2 - type: integer 
	Parameter G_AXI_BID_INDEX bound to: 2 - type: integer 
	Parameter G_AXI_BID_WIDTH bound to: 0 - type: integer 
	Parameter G_AXI_BUSER_INDEX bound to: 2 - type: integer 
	Parameter G_AXI_BUSER_WIDTH bound to: 0 - type: integer 
	Parameter G_AXI_BPAYLOAD_WIDTH bound to: 2 - type: integer 
	Parameter G_AXI_RDATA_INDEX bound to: 0 - type: integer 
	Parameter G_AXI_RDATA_WIDTH bound to: 32 - type: integer 
	Parameter G_AXI_RRESP_INDEX bound to: 32 - type: integer 
	Parameter G_AXI_RRESP_WIDTH bound to: 2 - type: integer 
	Parameter G_AXI_RLAST_INDEX bound to: 34 - type: integer 
	Parameter G_AXI_RLAST_WIDTH bound to: 0 - type: integer 
	Parameter G_AXI_RID_INDEX bound to: 34 - type: integer 
	Parameter G_AXI_RID_WIDTH bound to: 0 - type: integer 
	Parameter G_AXI_RUSER_INDEX bound to: 34 - type: integer 
	Parameter G_AXI_RUSER_WIDTH bound to: 0 - type: integer 
	Parameter G_AXI_RPAYLOAD_WIDTH bound to: 34 - type: integer 
INFO: [Synth 8-6155] done synthesizing module 'axi_infrastructure_v1_1_0_vector2axi' (5#1) [d:/PrismGPU/PrismGPU/HardWare/Display/Display.gen/sources_1/bd/Prism/ipshared/ec67/hdl/axi_infrastructure_v1_1_vl_rfs.v:474]
INFO: [Synth 8-6155] done synthesizing module 'axi_clock_converter_v2_1_21_axi_clock_converter' (6#1) [d:/PrismGPU/PrismGPU/HardWare/Display/Display.gen/sources_1/bd/Prism/ipshared/1304/hdl/axi_clock_converter_v2_1_vl_rfs.v:654]
INFO: [Synth 8-6155] done synthesizing module 'Prism_auto_cc_0' (7#1) [d:/PrismGPU/PrismGPU/HardWare/Display/Display.gen/sources_1/bd/Prism/ip/Prism_auto_cc_0/synth/Prism_auto_cc_0.v:58]
---------------------------------------------------------------------------------
Finished RTL Elaboration : Time (s): cpu = 00:00:13 ; elapsed = 00:00:15 . Memory (MB): peak = 1295.234 ; gain = 156.910
---------------------------------------------------------------------------------
---------------------------------------------------------------------------------
Start Handling Custom Attributes
---------------------------------------------------------------------------------
---------------------------------------------------------------------------------
Finished Handling Custom Attributes : Time (s): cpu = 00:00:14 ; elapsed = 00:00:16 . Memory (MB): peak = 1295.234 ; gain = 156.910
---------------------------------------------------------------------------------
---------------------------------------------------------------------------------
Finished RTL Optimization Phase 1 : Time (s): cpu = 00:00:14 ; elapsed = 00:00:16 . Memory (MB): peak = 1295.234 ; gain = 156.910
---------------------------------------------------------------------------------
Netlist sorting complete. Time (s): cpu = 00:00:00 ; elapsed = 00:00:00.017 . Memory (MB): peak = 1295.234 ; gain = 0.000
INFO: [Project 1-570] Preparing netlist for logic optimization

Processing XDC Constraints
Initializing timing engine
Parsing XDC File [d:/PrismGPU/PrismGPU/HardWare/Display/Display.gen/sources_1/bd/Prism/ip/Prism_auto_cc_0/Prism_auto_cc_0_ooc.xdc] for cell 'inst'
Finished Parsing XDC File [d:/PrismGPU/PrismGPU/HardWare/Display/Display.gen/sources_1/bd/Prism/ip/Prism_auto_cc_0/Prism_auto_cc_0_ooc.xdc] for cell 'inst'
Parsing XDC File [D:/PrismGPU/PrismGPU/HardWare/Display/Display.runs/Prism_auto_cc_0_synth_1/dont_touch.xdc]
Finished Parsing XDC File [D:/PrismGPU/PrismGPU/HardWare/Display/Display.runs/Prism_auto_cc_0_synth_1/dont_touch.xdc]
INFO: [Project 1-236] Implementation specific constraints were found while reading constraint file [F:/vivado2020/Vivado/2020.2/data/ip/xpm/xpm_cdc/tcl/xpm_cdc_handshake.tcl]. These constraints will be ignored for synthesis but will be used in implementation. Impacted constraints are listed in the file [.Xil/Prism_auto_cc_0_propImpl.xdc].
Resolution: To avoid this warning, move constraints listed in [.Xil/Prism_auto_cc_0_propImpl.xdc] to another XDC file and exclude this new file from synthesis with the used_in_synthesis property (File Properties dialog in GUI) and re-run elaboration/synthesis.
INFO: [Project 1-236] Implementation specific constraints were found while reading constraint file [F:/vivado2020/Vivado/2020.2/data/ip/xpm/xpm_cdc/tcl/xpm_cdc_single.tcl]. These constraints will be ignored for synthesis but will be used in implementation. Impacted constraints are listed in the file [.Xil/Prism_auto_cc_0_propImpl.xdc].
Resolution: To avoid this warning, move constraints listed in [.Xil/Prism_auto_cc_0_propImpl.xdc] to another XDC file and exclude this new file from synthesis with the used_in_synthesis property (File Properties dialog in GUI) and re-run elaboration/synthesis.
INFO: [Project 1-1715] 2 XPM XDC files have been applied to the design.
Completed Processing XDC Constraints

Netlist sorting complete. Time (s): cpu = 00:00:00 ; elapsed = 00:00:00 . Memory (MB): peak = 1302.488 ; gain = 0.000
INFO: [Project 1-111] Unisim Transformation Summary:
No Unisim elements were transformed.

Constraint Validation Runtime : Time (s): cpu = 00:00:00 ; elapsed = 00:00:00.038 . Memory (MB): peak = 1313.562 ; gain = 11.074
---------------------------------------------------------------------------------
Finished Constraint Validation : Time (s): cpu = 00:00:22 ; elapsed = 00:00:24 . Memory (MB): peak = 1313.562 ; gain = 175.238
---------------------------------------------------------------------------------
---------------------------------------------------------------------------------
Start Loading Part and Timing Information
---------------------------------------------------------------------------------
Loading part: xc7k70tfbg676-2
---------------------------------------------------------------------------------
Finished Loading Part and Timing Information : Time (s): cpu = 00:00:22 ; elapsed = 00:00:24 . Memory (MB): peak = 1313.562 ; gain = 175.238
---------------------------------------------------------------------------------
---------------------------------------------------------------------------------
Start Applying 'set_property' XDC Constraints
---------------------------------------------------------------------------------
Applied set_property KEEP_HIERARCHY = SOFT for inst. (constraint file  D:/PrismGPU/PrismGPU/HardWare/Display/Display.runs/Prism_auto_cc_0_synth_1/dont_touch.xdc, line 9).
Applied set_property KEEP_HIERARCHY = SOFT for inst/\gen_clock_conv.gen_async_lite_conv.clock_conv_lite_fwd_aw /handshake. (constraint file  auto generated constraint).
Applied set_property KEEP_HIERARCHY = SOFT for inst/\gen_clock_conv.gen_async_lite_conv.clock_conv_lite_fwd_ar /handshake. (constraint file  auto generated constraint).
Applied set_property KEEP_HIERARCHY = SOFT for inst/\gen_clock_conv.gen_async_lite_conv.clock_conv_lite_fwd_w /handshake. (constraint file  auto generated constraint).
Applied set_property KEEP_HIERARCHY = SOFT for inst/\gen_clock_conv.gen_async_lite_conv.clock_conv_lite_resp_b /handshake. (constraint file  auto generated constraint).
Applied set_property KEEP_HIERARCHY = SOFT for inst/\gen_clock_conv.gen_async_lite_conv.clock_conv_lite_resp_r /handshake. (constraint file  auto generated constraint).
Applied set_property KEEP_HIERARCHY = SOFT for inst/\gen_clock_conv.gen_async_lite_conv.clock_conv_lite_fwd_aw /handshake/xpm_cdc_single_dest2src_inst. (constraint file  auto generated constraint).
Applied set_property KEEP_HIERARCHY = SOFT for inst/\gen_clock_conv.gen_async_lite_conv.clock_conv_lite_fwd_ar /handshake/xpm_cdc_single_dest2src_inst. (constraint file  auto generated constraint).
Applied set_property KEEP_HIERARCHY = SOFT for inst/\gen_clock_conv.gen_async_lite_conv.clock_conv_lite_fwd_w /handshake/xpm_cdc_single_dest2src_inst. (constraint file  auto generated constraint).
Applied set_property KEEP_HIERARCHY = SOFT for inst/\gen_clock_conv.gen_async_lite_conv.clock_conv_lite_resp_b /handshake/xpm_cdc_single_dest2src_inst. (constraint file  auto generated constraint).
Applied set_property KEEP_HIERARCHY = SOFT for inst/\gen_clock_conv.gen_async_lite_conv.clock_conv_lite_resp_r /handshake/xpm_cdc_single_dest2src_inst. (constraint file  auto generated constraint).
Applied set_property KEEP_HIERARCHY = SOFT for inst/\gen_clock_conv.gen_async_lite_conv.clock_conv_lite_fwd_aw /handshake/xpm_cdc_single_src2dest_inst. (constraint file  auto generated constraint).
Applied set_property KEEP_HIERARCHY = SOFT for inst/\gen_clock_conv.gen_async_lite_conv.clock_conv_lite_fwd_ar /handshake/xpm_cdc_single_src2dest_inst. (constraint file  auto generated constraint).
Applied set_property KEEP_HIERARCHY = SOFT for inst/\gen_clock_conv.gen_async_lite_conv.clock_conv_lite_fwd_w /handshake/xpm_cdc_single_src2dest_inst. (constraint file  auto generated constraint).
Applied set_property KEEP_HIERARCHY = SOFT for inst/\gen_clock_conv.gen_async_lite_conv.clock_conv_lite_resp_b /handshake/xpm_cdc_single_src2dest_inst. (constraint file  auto generated constraint).
Applied set_property KEEP_HIERARCHY = SOFT for inst/\gen_clock_conv.gen_async_lite_conv.clock_conv_lite_resp_r /handshake/xpm_cdc_single_src2dest_inst. (constraint file  auto generated constraint).
---------------------------------------------------------------------------------
Finished applying 'set_property' XDC Constraints : Time (s): cpu = 00:00:22 ; elapsed = 00:00:24 . Memory (MB): peak = 1313.562 ; gain = 175.238
---------------------------------------------------------------------------------
INFO: [Synth 8-802] inferred FSM for state register 'src_state_reg' in module 'axi_clock_converter_v2_1_21_lite_async__xdcDup__1'
INFO: [Synth 8-802] inferred FSM for state register 'dest_state_reg' in module 'axi_clock_converter_v2_1_21_lite_async__xdcDup__1'
INFO: [Synth 8-802] inferred FSM for state register 'src_state_reg' in module 'axi_clock_converter_v2_1_21_lite_async'
INFO: [Synth 8-802] inferred FSM for state register 'dest_state_reg' in module 'axi_clock_converter_v2_1_21_lite_async'
INFO: [Synth 8-802] inferred FSM for state register 'src_state_reg' in module 'axi_clock_converter_v2_1_21_lite_async__parameterized0'
INFO: [Synth 8-802] inferred FSM for state register 'dest_state_reg' in module 'axi_clock_converter_v2_1_21_lite_async__parameterized0'
INFO: [Synth 8-802] inferred FSM for state register 'src_state_reg' in module 'axi_clock_converter_v2_1_21_lite_async__parameterized1'
INFO: [Synth 8-802] inferred FSM for state register 'dest_state_reg' in module 'axi_clock_converter_v2_1_21_lite_async__parameterized1'
INFO: [Synth 8-802] inferred FSM for state register 'src_state_reg' in module 'axi_clock_converter_v2_1_21_lite_async__parameterized2'
INFO: [Synth 8-802] inferred FSM for state register 'dest_state_reg' in module 'axi_clock_converter_v2_1_21_lite_async__parameterized2'
---------------------------------------------------------------------------------------------------
                   State |                     New Encoding |                Previous Encoding 
---------------------------------------------------------------------------------------------------
                SRC_IDLE |                               00 |                               00
            SRC_DRV_SEND |                               01 |                               01
       SRC_WAIT_RCV_DONE |                               10 |                               10
                  iSTATE |                               11 |                               11
*
---------------------------------------------------------------------------------------------------
INFO: [Synth 8-3354] encoded FSM with state register 'src_state_reg' using encoding 'sequential' in module 'axi_clock_converter_v2_1_21_lite_async__xdcDup__1'
---------------------------------------------------------------------------------------------------
                   State |                     New Encoding |                Previous Encoding 
---------------------------------------------------------------------------------------------------
               DEST_IDLE |                               00 |                               00
          DEST_DRV_VALID |                               01 |                               01
            DEST_DRV_ACK |                               10 |                               10
                  iSTATE |                               11 |                               11
*
---------------------------------------------------------------------------------------------------
INFO: [Synth 8-3354] encoded FSM with state register 'dest_state_reg' using encoding 'sequential' in module 'axi_clock_converter_v2_1_21_lite_async__xdcDup__1'
---------------------------------------------------------------------------------------------------
                   State |                     New Encoding |                Previous Encoding 
---------------------------------------------------------------------------------------------------
                SRC_IDLE |                               00 |                               00
            SRC_DRV_SEND |                               01 |                               01
       SRC_WAIT_RCV_DONE |                               10 |                               10
                  iSTATE |                               11 |                               11
*
---------------------------------------------------------------------------------------------------
INFO: [Synth 8-3354] encoded FSM with state register 'src_state_reg' using encoding 'sequential' in module 'axi_clock_converter_v2_1_21_lite_async'
---------------------------------------------------------------------------------------------------
                   State |                     New Encoding |                Previous Encoding 
---------------------------------------------------------------------------------------------------
               DEST_IDLE |                               00 |                               00
          DEST_DRV_VALID |                               01 |                               01
            DEST_DRV_ACK |                               10 |                               10
                  iSTATE |                               11 |                               11
*
---------------------------------------------------------------------------------------------------
INFO: [Synth 8-3354] encoded FSM with state register 'dest_state_reg' using encoding 'sequential' in module 'axi_clock_converter_v2_1_21_lite_async'
---------------------------------------------------------------------------------------------------
                   State |                     New Encoding |                Previous Encoding 
---------------------------------------------------------------------------------------------------
                SRC_IDLE |                               00 |                               00
            SRC_DRV_SEND |                               01 |                               01
       SRC_WAIT_RCV_DONE |                               10 |                               10
                  iSTATE |                               11 |                               11
*
---------------------------------------------------------------------------------------------------
INFO: [Synth 8-3354] encoded FSM with state register 'src_state_reg' using encoding 'sequential' in module 'axi_clock_converter_v2_1_21_lite_async__parameterized0'
---------------------------------------------------------------------------------------------------
                   State |                     New Encoding |                Previous Encoding 
---------------------------------------------------------------------------------------------------
               DEST_IDLE |                               00 |                               00
          DEST_DRV_VALID |                               01 |                               01
            DEST_DRV_ACK |                               10 |                               10
                  iSTATE |                               11 |                               11
*
---------------------------------------------------------------------------------------------------
INFO: [Synth 8-3354] encoded FSM with state register 'dest_state_reg' using encoding 'sequential' in module 'axi_clock_converter_v2_1_21_lite_async__parameterized0'
---------------------------------------------------------------------------------------------------
                   State |                     New Encoding |                Previous Encoding 
---------------------------------------------------------------------------------------------------
                SRC_IDLE |                               00 |                               00
            SRC_DRV_SEND |                               01 |                               01
       SRC_WAIT_RCV_DONE |                               10 |                               10
                  iSTATE |                               11 |                               11
*
---------------------------------------------------------------------------------------------------
INFO: [Synth 8-3354] encoded FSM with state register 'src_state_reg' using encoding 'sequential' in module 'axi_clock_converter_v2_1_21_lite_async__parameterized1'
---------------------------------------------------------------------------------------------------
                   State |                     New Encoding |                Previous Encoding 
---------------------------------------------------------------------------------------------------
               DEST_IDLE |                               00 |                               00
          DEST_DRV_VALID |                               01 |                               01
            DEST_DRV_ACK |                               10 |                               10
                  iSTATE |                               11 |                               11
*
---------------------------------------------------------------------------------------------------
INFO: [Synth 8-3354] encoded FSM with state register 'dest_state_reg' using encoding 'sequential' in module 'axi_clock_converter_v2_1_21_lite_async__parameterized1'
---------------------------------------------------------------------------------------------------
                   State |                     New Encoding |                Previous Encoding 
---------------------------------------------------------------------------------------------------
                SRC_IDLE |                               00 |                               00
            SRC_DRV_SEND |                               01 |                               01
       SRC_WAIT_RCV_DONE |                               10 |                               10
                  iSTATE |                               11 |                               11
*
---------------------------------------------------------------------------------------------------
INFO: [Synth 8-3354] encoded FSM with state register 'src_state_reg' using encoding 'sequential' in module 'axi_clock_converter_v2_1_21_lite_async__parameterized2'
---------------------------------------------------------------------------------------------------
                   State |                     New Encoding |                Previous Encoding 
---------------------------------------------------------------------------------------------------
               DEST_IDLE |                               00 |                               00
          DEST_DRV_VALID |                               01 |                               01
            DEST_DRV_ACK |                               10 |                               10
                  iSTATE |                               11 |                               11
*
---------------------------------------------------------------------------------------------------
INFO: [Synth 8-3354] encoded FSM with state register 'dest_state_reg' using encoding 'sequential' in module 'axi_clock_converter_v2_1_21_lite_async__parameterized2'
---------------------------------------------------------------------------------
Finished RTL Optimization Phase 2 : Time (s): cpu = 00:00:23 ; elapsed = 00:00:25 . Memory (MB): peak = 1313.562 ; gain = 175.238
---------------------------------------------------------------------------------
---------------------------------------------------------------------------------
Start RTL Component Statistics 
---------------------------------------------------------------------------------
Detailed RTL Component Info : 
+---Registers : 
	               36 Bit    Registers := 2     
	               35 Bit    Registers := 4     
	               34 Bit    Registers := 2     
	                4 Bit    Registers := 10    
	                3 Bit    Registers := 10    
	                2 Bit    Registers := 2     
	                1 Bit    Registers := 30    
+---Muxes : 
	   4 Input    2 Bit        Muxes := 10    
	   2 Input    2 Bit        Muxes := 15    
	   2 Input    1 Bit        Muxes := 5     
	   4 Input    1 Bit        Muxes := 50    
---------------------------------------------------------------------------------
Finished RTL Component Statistics 
---------------------------------------------------------------------------------
---------------------------------------------------------------------------------
Start Part Resource Summary
---------------------------------------------------------------------------------
Part Resources:
DSPs: 240 (col length:80)
BRAMs: 270 (col length: RAMB18 80 RAMB36 40)
---------------------------------------------------------------------------------
Finished Part Resource Summary
---------------------------------------------------------------------------------
---------------------------------------------------------------------------------
Start Cross Boundary and Area Optimization
---------------------------------------------------------------------------------
---------------------------------------------------------------------------------
Finished Cross Boundary and Area Optimization : Time (s): cpu = 00:00:24 ; elapsed = 00:00:27 . Memory (MB): peak = 1313.562 ; gain = 175.238
---------------------------------------------------------------------------------
---------------------------------------------------------------------------------
Start Applying XDC Timing Constraints
---------------------------------------------------------------------------------
---------------------------------------------------------------------------------
Finished Applying XDC Timing Constraints : Time (s): cpu = 00:00:32 ; elapsed = 00:00:35 . Memory (MB): peak = 1313.562 ; gain = 175.238
---------------------------------------------------------------------------------
---------------------------------------------------------------------------------
Start Timing Optimization
---------------------------------------------------------------------------------
---------------------------------------------------------------------------------
Finished Timing Optimization : Time (s): cpu = 00:00:32 ; elapsed = 00:00:35 . Memory (MB): peak = 1313.562 ; gain = 175.238
---------------------------------------------------------------------------------
---------------------------------------------------------------------------------
Start Technology Mapping
---------------------------------------------------------------------------------
---------------------------------------------------------------------------------
Finished Technology Mapping : Time (s): cpu = 00:00:33 ; elapsed = 00:00:36 . Memory (MB): peak = 1313.562 ; gain = 175.238
---------------------------------------------------------------------------------
---------------------------------------------------------------------------------
Start IO Insertion
---------------------------------------------------------------------------------
---------------------------------------------------------------------------------
Start Flattening Before IO Insertion
---------------------------------------------------------------------------------
---------------------------------------------------------------------------------
Finished Flattening Before IO Insertion
---------------------------------------------------------------------------------
---------------------------------------------------------------------------------
Start Final Netlist Cleanup
---------------------------------------------------------------------------------
---------------------------------------------------------------------------------
Finished Final Netlist Cleanup
---------------------------------------------------------------------------------
---------------------------------------------------------------------------------
Finished IO Insertion : Time (s): cpu = 00:00:37 ; elapsed = 00:00:40 . Memory (MB): peak = 1313.562 ; gain = 175.238
---------------------------------------------------------------------------------
---------------------------------------------------------------------------------
Start Renaming Generated Instances
---------------------------------------------------------------------------------
---------------------------------------------------------------------------------
Finished Renaming Generated Instances : Time (s): cpu = 00:00:37 ; elapsed = 00:00:40 . Memory (MB): peak = 1313.562 ; gain = 175.238
---------------------------------------------------------------------------------
---------------------------------------------------------------------------------
Start Rebuilding User Hierarchy
---------------------------------------------------------------------------------
---------------------------------------------------------------------------------
Finished Rebuilding User Hierarchy : Time (s): cpu = 00:00:37 ; elapsed = 00:00:41 . Memory (MB): peak = 1313.562 ; gain = 175.238
---------------------------------------------------------------------------------
---------------------------------------------------------------------------------
Start Renaming Generated Ports
---------------------------------------------------------------------------------
---------------------------------------------------------------------------------
Finished Renaming Generated Ports : Time (s): cpu = 00:00:37 ; elapsed = 00:00:41 . Memory (MB): peak = 1313.562 ; gain = 175.238
---------------------------------------------------------------------------------
---------------------------------------------------------------------------------
Start Handling Custom Attributes
---------------------------------------------------------------------------------
---------------------------------------------------------------------------------
Finished Handling Custom Attributes : Time (s): cpu = 00:00:37 ; elapsed = 00:00:41 . Memory (MB): peak = 1313.562 ; gain = 175.238
---------------------------------------------------------------------------------
---------------------------------------------------------------------------------
Start Renaming Generated Nets
---------------------------------------------------------------------------------
---------------------------------------------------------------------------------
Finished Renaming Generated Nets : Time (s): cpu = 00:00:37 ; elapsed = 00:00:41 . Memory (MB): peak = 1313.562 ; gain = 175.238
---------------------------------------------------------------------------------
---------------------------------------------------------------------------------
Start Writing Synthesis Report
---------------------------------------------------------------------------------

Report BlackBoxes: 
+-+--------------+----------+
| |BlackBox name |Instances |
+-+--------------+----------+
+-+--------------+----------+

Report Cell Usage: 
+------+-----+------+
|      |Cell |Count |
+------+-----+------+
|1     |LUT1 |     6|
|2     |LUT2 |    11|
|3     |LUT3 |     7|
|4     |LUT4 |    10|
|5     |LUT5 |    20|
|6     |LUT6 |     5|
|7     |FDRE |   372|
+------+-----+------+
---------------------------------------------------------------------------------
Finished Writing Synthesis Report : Time (s): cpu = 00:00:37 ; elapsed = 00:00:41 . Memory (MB): peak = 1313.562 ; gain = 175.238
---------------------------------------------------------------------------------
Synthesis finished with 0 errors, 0 critical warnings and 0 warnings.
Synthesis Optimization Runtime : Time (s): cpu = 00:00:21 ; elapsed = 00:00:38 . Memory (MB): peak = 1313.562 ; gain = 156.910
Synthesis Optimization Complete : Time (s): cpu = 00:00:38 ; elapsed = 00:00:41 . Memory (MB): peak = 1313.562 ; gain = 175.238
INFO: [Project 1-571] Translating synthesized netlist
Netlist sorting complete. Time (s): cpu = 00:00:00 ; elapsed = 00:00:00.014 . Memory (MB): peak = 1322.980 ; gain = 0.000
INFO: [Project 1-570] Preparing netlist for logic optimization
INFO: [Opt 31-138] Pushed 0 inverter(s) to 0 load pin(s).
Netlist sorting complete. Time (s): cpu = 00:00:00 ; elapsed = 00:00:00.001 . Memory (MB): peak = 1328.613 ; gain = 0.000
INFO: [Project 1-111] Unisim Transformation Summary:
No Unisim elements were transformed.

INFO: [Common 17-83] Releasing license: Synthesis
65 Infos, 0 Warnings, 0 Critical Warnings and 0 Errors encountered.
synth_design completed successfully
synth_design: Time (s): cpu = 00:00:47 ; elapsed = 00:00:53 . Memory (MB): peak = 1328.613 ; gain = 190.289
INFO: [Common 17-1381] The checkpoint 'D:/PrismGPU/PrismGPU/HardWare/Display/Display.runs/Prism_auto_cc_0_synth_1/Prism_auto_cc_0.dcp' has been generated.
WARNING: [Common 17-576] 'use_project_ipc' is deprecated. This option is deprecated and no longer used.
INFO: [Coretcl 2-1648] Added synthesis output to IP cache for IP Prism_auto_cc_0, cache-ID = 1767e9950afa001a
INFO: [Coretcl 2-1174] Renamed 21 cell refs.
INFO: [Common 17-1381] The checkpoint 'D:/PrismGPU/PrismGPU/HardWare/Display/Display.runs/Prism_auto_cc_0_synth_1/Prism_auto_cc_0.dcp' has been generated.
INFO: [runtcl-4] Executing : report_utilization -file Prism_auto_cc_0_utilization_synth.rpt -pb Prism_auto_cc_0_utilization_synth.pb
INFO: [Common 17-206] Exiting Vivado at Tue Jan 21 21:59:24 2025...
